<?xml version="1.0" encoding="UTF-8"?>
<!-- Generated by org.testng.reporters.JUnitXMLReporter -->
<testsuite ignored="4" hostname="DESKTOP-RGFDNS0" failures="0" tests="1" name="ExceptionTest" time="11.345" errors="0" timestamp="2023-10-04T00:47:18 IST">
  <testcase classname="com.herokuapp.theinternet.ExceptionsTest" name="timeOutExceptionTest" time="8.883"/>
  <testcase classname="com.herokuapp.theinternet.ExceptionsTest" name="elementNotInteractableExceptionTest" time="0.0">
    <ignored/>
  </testcase> <!-- elementNotInteractableExceptionTest -->
  <testcase classname="com.herokuapp.theinternet.ExceptionsTest" name="invalidElementStateExceptionTest" time="0.0">
    <ignored/>
  </testcase> <!-- invalidElementStateExceptionTest -->
  <testcase classname="com.herokuapp.theinternet.ExceptionsTest" name="staleElementReferenceExceptionTest" time="0.0">
    <ignored/>
  </testcase> <!-- staleElementReferenceExceptionTest -->
  <testcase classname="com.herokuapp.theinternet.ExceptionsTest" name="noSuchElementExceptionTest" time="0.0">
    <ignored/>
  </testcase> <!-- noSuchElementExceptionTest -->
</testsuite> <!-- ExceptionTest -->
