<?xml version="1.0" encoding="UTF-8"?>
<testng-results ignored="0" total="3" passed="3" failed="0" skipped="0">
  <reporter-output>
  </reporter-output>
  <suite started-at="2023-09-09T20:42:06 IST" name="AllTests" finished-at="2023-09-09T20:42:43 IST" duration-ms="37328">
    <groups>
    </groups>
    <test started-at="2023-09-09T20:42:06 IST" name="PositiveTests" finished-at="2023-09-09T20:42:19 IST" duration-ms="13093">
      <class name="com.herokuapp.theinternet.PositiveTests">
        <test-method signature="loginTest()[pri:0, instance:com.herokuapp.theinternet.PositiveTests@76508ed1]" started-at="2023-09-09T20:42:06 IST" name="loginTest" finished-at="2023-09-09T20:42:19 IST" duration-ms="13035" status="PASS">
          <reporter-output>
          </reporter-output>
        </test-method> <!-- loginTest -->
      </class> <!-- com.herokuapp.theinternet.PositiveTests -->
    </test> <!-- PositiveTests -->
    <test started-at="2023-09-09T20:42:19 IST" name="NegativeTests" finished-at="2023-09-09T20:42:43 IST" duration-ms="24189">
      <class name="com.herokuapp.theinternet.NegativeTests">
        <test-method signature="incorrectPasswordTest()[pri:0, instance:com.herokuapp.theinternet.NegativeTests@74e52303]" started-at="2023-09-09T20:42:19 IST" name="incorrectPasswordTest" finished-at="2023-09-09T20:42:29 IST" duration-ms="10478" status="PASS">
          <reporter-output>
          </reporter-output>
        </test-method> <!-- incorrectPasswordTest -->
        <test-method signature="incorrectUsernameTest()[pri:0, instance:com.herokuapp.theinternet.NegativeTests@74e52303]" started-at="2023-09-09T20:42:29 IST" name="incorrectUsernameTest" finished-at="2023-09-09T20:42:43 IST" duration-ms="13707" status="PASS">
          <reporter-output>
          </reporter-output>
        </test-method> <!-- incorrectUsernameTest -->
      </class> <!-- com.herokuapp.theinternet.NegativeTests -->
    </test> <!-- NegativeTests -->
  </suite> <!-- AllTests -->
</testng-results>
