<?xml version="1.0" encoding="UTF-8"?>
<!-- Generated by org.testng.reporters.JUnitXMLReporter -->
<testsuite ignored="0" hostname="DESKTOP-RGFDNS0" failures="0" tests="2" name="NegativeTests" time="24.189" errors="0" timestamp="2023-09-09T20:42:43 IST">
  <testcase classname="com.herokuapp.theinternet.NegativeTests" name="incorrectPasswordTest" time="10.478"/>
  <testcase classname="com.herokuapp.theinternet.NegativeTests" name="incorrectUsernameTest" time="13.707"/>
</testsuite> <!-- NegativeTests -->
